<?xml version="1.0" encoding="UTF-8"?>
<testng-results ignored="0" total="2" passed="2" failed="0" skipped="0">
  <reporter-output>
  </reporter-output>
  <suite started-at="2023-07-26T12:38:02 IST" name="Surefire suite" finished-at="2023-07-26T12:38:02 IST" duration-ms="22">
    <groups>
    </groups>
    <test started-at="2023-07-26T12:38:02 IST" name="Surefire test" finished-at="2023-07-26T12:38:02 IST" duration-ms="22">
      <class name="automation.verizon_jekins.MobileTest">
        <test-method signature="Logut()[pri:0, instance:automation.verizon_jekins.MobileTest@709ba3fb]" started-at="2023-07-26T12:38:02 IST" name="Logut" finished-at="2023-07-26T12:38:02 IST" duration-ms="2" status="PASS">
          <reporter-output>
          </reporter-output>
        </test-method> <!-- Logut -->
        <test-method signature="login()[pri:0, instance:automation.verizon_jekins.MobileTest@709ba3fb]" started-at="2023-07-26T12:38:02 IST" name="login" finished-at="2023-07-26T12:38:02 IST" duration-ms="0" status="PASS">
          <reporter-output>
          </reporter-output>
        </test-method> <!-- login -->
      </class> <!-- automation.verizon_jekins.MobileTest -->
    </test> <!-- Surefire test -->
  </suite> <!-- Surefire suite -->
</testng-results>
